#
# There is insufficient memory for the Java Runtime Environment to continue.
# Native memory allocation (mmap) failed to map 2863661056 bytes for committing reserved memory.
# Possible reasons:
#   The system is out of physical RAM or swap space
#   In 32 bit mode, the process size limit was hit
# Possible solutions:
#   Reduce memory load on the system
#   Increase physical memory or swap space
#   Check if swap backing store is full
#   Use 64 bit Java on a 64 bit OS
#   Decrease Java heap size (-Xmx/-Xms)
#   Decrease number of Java threads
#   Decrease Java thread stack sizes (-Xss)
#   Set larger code cache with -XX:ReservedCodeCacheSize=
# This output file may be truncated or incomplete.
#
#  Out of Memory Error (os_linux.cpp:2643), pid=9773, tid=0x00007f026454f700
#
# JRE version:  (8.0_162-b12) (build )
# Java VM: OpenJDK 64-Bit Server VM (25.162-b12 mixed mode linux-amd64 compressed oops)
# Failed to write core dump. Core dumps have been disabled. To enable core dumping, try "ulimit -c unlimited" before starting Java again
#

---------------  T H R E A D  ---------------

Current thread (0x00007f025c00b800):  JavaThread "Unknown thread" [_thread_in_vm, id=9782, stack(0x00007f026444f000,0x00007f0264550000)]

Stack: [0x00007f026444f000,0x00007f0264550000],  sp=0x00007f026454e5a0,  free space=1021k
Native frames: (J=compiled Java code, j=interpreted, Vv=VM code, C=native code)
V  [libjvm.so+0xaaa652]
V  [libjvm.so+0x4d7b27]
V  [libjvm.so+0x8e5c30]
V  [libjvm.so+0x8e018e]
V  [libjvm.so+0x9609a6]
V  [libjvm.so+0x950cdc]
V  [libjvm.so+0x2b2f0e]
V  [libjvm.so+0x90d931]
V  [libjvm.so+0xa6cd2a]
V  [libjvm.so+0xa6d015]
V  [libjvm.so+0x6235af]
V  [libjvm.so+0xa5076b]
V  [libjvm.so+0x6a6631]  JNI_CreateJavaVM+0x61
C  [libjli.so+0x2ce3]
C  [libjli.so+0x777d]
C  [libpthread.so.0+0x77fc]  start_thread+0xdc


---------------  P R O C E S S  ---------------

Java Threads: ( => current thread )

Other Threads:

=>0x00007f025c00b800 (exited) JavaThread "Unknown thread" [_thread_in_vm, id=9782, stack(0x00007f026444f000,0x00007f0264550000)]

VM state:not at safepoint (not fully initialized)

VM Mutex/Monitor currently owned by a thread: None

GC Heap History (0 events):
No events

Deoptimization events (0 events):
No events

Classes redefined (0 events):
No events

Internal exceptions (0 events):
No events

Events (0 events):
No events


Dynamic libraries:
76ab00000-7c0000000 rw-p 00000000 00:00 0 
55dc31251000-55dc31252000 r-xp 00000000 08:01 3411178                    /usr/lib/jvm/java-8-openjdk-amd64/jre/bin/java
55dc31451000-55dc31452000 r--p 00000000 08:01 3411178                    /usr/lib/jvm/java-8-openjdk-amd64/jre/bin/java
55dc31452000-55dc31453000 rw-p 00001000 08:01 3411178                    /usr/lib/jvm/java-8-openjdk-amd64/jre/bin/java
55dc3320d000-55dc3322e000 rw-p 00000000 00:00 0                          [heap]
7f024d000000-7f024d270000 rwxp 00000000 00:00 0 
7f024d270000-7f025c000000 ---p 00000000 00:00 0 
7f025c000000-7f025c033000 rw-p 00000000 00:00 0 
7f025c033000-7f0260000000 ---p 00000000 00:00 0 
7f0260250000-7f02607a5000 ---p 00000000 00:00 0 
7f02607a5000-7f0260a5b000 rw-p 00000000 00:00 0 
7f0260a5b000-7f0260e11000 ---p 00000000 00:00 0 
7f0260e11000-7f0260e19000 r-xp 00000000 08:01 3413089                    /usr/lib/jvm/java-8-openjdk-amd64/jre/lib/amd64/libzip.so
7f0260e19000-7f0261018000 ---p 00008000 08:01 3413089                    /usr/lib/jvm/java-8-openjdk-amd64/jre/lib/amd64/libzip.so
7f0261018000-7f0261019000 r--p 00007000 08:01 3413089                    /usr/lib/jvm/java-8-openjdk-amd64/jre/lib/amd64/libzip.so
7f0261019000-7f026101a000 rw-p 00008000 08:01 3413089                    /usr/lib/jvm/java-8-openjdk-amd64/jre/lib/amd64/libzip.so
7f026101a000-7f0261025000 r-xp 00000000 08:01 5505118                    /lib/x86_64-linux-gnu/libnss_files-2.26.so
7f0261025000-7f0261224000 ---p 0000b000 08:01 5505118                    /lib/x86_64-linux-gnu/libnss_files-2.26.so
7f0261224000-7f0261225000 r--p 0000a000 08:01 5505118                    /lib/x86_64-linux-gnu/libnss_files-2.26.so
7f0261225000-7f0261226000 rw-p 0000b000 08:01 5505118                    /lib/x86_64-linux-gnu/libnss_files-2.26.so
7f0261226000-7f026122c000 rw-p 00000000 00:00 0 
7f026122c000-7f0261237000 r-xp 00000000 08:01 5505120                    /lib/x86_64-linux-gnu/libnss_nis-2.26.so
7f0261237000-7f0261436000 ---p 0000b000 08:01 5505120                    /lib/x86_64-linux-gnu/libnss_nis-2.26.so
7f0261436000-7f0261437000 r--p 0000a000 08:01 5505120                    /lib/x86_64-linux-gnu/libnss_nis-2.26.so
7f0261437000-7f0261438000 rw-p 0000b000 08:01 5505120                    /lib/x86_64-linux-gnu/libnss_nis-2.26.so
7f0261438000-7f026144f000 r-xp 00000000 08:01 5505115                    /lib/x86_64-linux-gnu/libnsl-2.26.so
7f026144f000-7f026164e000 ---p 00017000 08:01 5505115                    /lib/x86_64-linux-gnu/libnsl-2.26.so
7f026164e000-7f026164f000 r--p 00016000 08:01 5505115                    /lib/x86_64-linux-gnu/libnsl-2.26.so
7f026164f000-7f0261650000 rw-p 00017000 08:01 5505115                    /lib/x86_64-linux-gnu/libnsl-2.26.so
7f0261650000-7f0261652000 rw-p 00000000 00:00 0 
7f0261652000-7f026165a000 r-xp 00000000 08:01 5505116                    /lib/x86_64-linux-gnu/libnss_compat-2.26.so
7f026165a000-7f0261859000 ---p 00008000 08:01 5505116                    /lib/x86_64-linux-gnu/libnss_compat-2.26.so
7f0261859000-7f026185a000 r--p 00007000 08:01 5505116                    /lib/x86_64-linux-gnu/libnss_compat-2.26.so
7f026185a000-7f026185b000 rw-p 00008000 08:01 5505116                    /lib/x86_64-linux-gnu/libnss_compat-2.26.so
7f026185b000-7f0261889000 r-xp 00000000 08:01 3413070                    /usr/lib/jvm/java-8-openjdk-amd64/jre/lib/amd64/libjava.so
7f0261889000-7f0261a88000 ---p 0002e000 08:01 3413070                    /usr/lib/jvm/java-8-openjdk-amd64/jre/lib/amd64/libjava.so
7f0261a88000-7f0261a89000 r--p 0002d000 08:01 3413070                    /usr/lib/jvm/java-8-openjdk-amd64/jre/lib/amd64/libjava.so
7f0261a89000-7f0261a8b000 rw-p 0002e000 08:01 3413070                    /usr/lib/jvm/java-8-openjdk-amd64/jre/lib/amd64/libjava.so
7f0261a8b000-7f0261a9b000 r-xp 00000000 08:01 3413088                    /usr/lib/jvm/java-8-openjdk-amd64/jre/lib/amd64/libverify.so
7f0261a9b000-7f0261c9a000 ---p 00010000 08:01 3413088                    /usr/lib/jvm/java-8-openjdk-amd64/jre/lib/amd64/libverify.so
7f0261c9a000-7f0261c9c000 r--p 0000f000 08:01 3413088                    /usr/lib/jvm/java-8-openjdk-amd64/jre/lib/amd64/libverify.so
7f0261c9c000-7f0261c9d000 rw-p 00011000 08:01 3413088                    /usr/lib/jvm/java-8-openjdk-amd64/jre/lib/amd64/libverify.so
7f0261c9d000-7f0261ca4000 r-xp 00000000 08:01 5509505                    /lib/x86_64-linux-gnu/librt-2.26.so
7f0261ca4000-7f0261ea3000 ---p 00007000 08:01 5509505                    /lib/x86_64-linux-gnu/librt-2.26.so
7f0261ea3000-7f0261ea4000 r--p 00006000 08:01 5509505                    /lib/x86_64-linux-gnu/librt-2.26.so
7f0261ea4000-7f0261ea5000 rw-p 00007000 08:01 5509505                    /lib/x86_64-linux-gnu/librt-2.26.so
7f0261ea5000-7f0261ebb000 r-xp 00000000 08:01 5505030                    /lib/x86_64-linux-gnu/libgcc_s.so.1
7f0261ebb000-7f02620ba000 ---p 00016000 08:01 5505030                    /lib/x86_64-linux-gnu/libgcc_s.so.1
7f02620ba000-7f02620bb000 r--p 00015000 08:01 5505030                    /lib/x86_64-linux-gnu/libgcc_s.so.1
7f02620bb000-7f02620bc000 rw-p 00016000 08:01 5505030                    /lib/x86_64-linux-gnu/libgcc_s.so.1
7f02620bc000-7f0262211000 r-xp 00000000 08:01 5505112                    /lib/x86_64-linux-gnu/libm-2.26.so
7f0262211000-7f0262410000 ---p 00155000 08:01 5505112                    /lib/x86_64-linux-gnu/libm-2.26.so
7f0262410000-7f0262411000 r--p 00154000 08:01 5505112                    /lib/x86_64-linux-gnu/libm-2.26.so
7f0262411000-7f0262412000 rw-p 00155000 08:01 5505112                    /lib/x86_64-linux-gnu/libm-2.26.so
7f0262412000-7f026258a000 r-xp 00000000 08:01 3408058                    /usr/lib/x86_64-linux-gnu/libstdc++.so.6.0.24
7f026258a000-7f0262789000 ---p 00178000 08:01 3408058                    /usr/lib/x86_64-linux-gnu/libstdc++.so.6.0.24
7f0262789000-7f0262793000 r--p 00177000 08:01 3408058                    /usr/lib/x86_64-linux-gnu/libstdc++.so.6.0.24
7f0262793000-7f0262795000 rw-p 00181000 08:01 3408058                    /usr/lib/x86_64-linux-gnu/libstdc++.so.6.0.24
7f0262795000-7f0262798000 rw-p 00000000 00:00 0 
7f0262798000-7f0263428000 r-xp 00000000 08:01 3413091                    /usr/lib/jvm/java-8-openjdk-amd64/jre/lib/amd64/server/libjvm.so
7f0263428000-7f0263628000 ---p 00c90000 08:01 3413091                    /usr/lib/jvm/java-8-openjdk-amd64/jre/lib/amd64/server/libjvm.so
7f0263628000-7f02636bb000 r--p 00c90000 08:01 3413091                    /usr/lib/jvm/java-8-openjdk-amd64/jre/lib/amd64/server/libjvm.so
7f02636bb000-7f02636e3000 rw-p 00d23000 08:01 3413091                    /usr/lib/jvm/java-8-openjdk-amd64/jre/lib/amd64/server/libjvm.so
7f02636e3000-7f0263714000 rw-p 00000000 00:00 0 
7f0263714000-7f026372e000 r-xp 00000000 08:01 5509443                    /lib/x86_64-linux-gnu/libpthread-2.26.so
7f026372e000-7f026392d000 ---p 0001a000 08:01 5509443                    /lib/x86_64-linux-gnu/libpthread-2.26.so
7f026392d000-7f026392e000 r--p 00019000 08:01 5509443                    /lib/x86_64-linux-gnu/libpthread-2.26.so
7f026392e000-7f026392f000 rw-p 0001a000 08:01 5509443                    /lib/x86_64-linux-gnu/libpthread-2.26.so
7f026392f000-7f0263933000 rw-p 00000000 00:00 0 
7f0263933000-7f0263936000 r-xp 00000000 08:01 5505111                    /lib/x86_64-linux-gnu/libdl-2.26.so
7f0263936000-7f0263b35000 ---p 00003000 08:01 5505111                    /lib/x86_64-linux-gnu/libdl-2.26.so
7f0263b35000-7f0263b36000 r--p 00002000 08:01 5505111                    /lib/x86_64-linux-gnu/libdl-2.26.so
7f0263b36000-7f0263b37000 rw-p 00003000 08:01 5505111                    /lib/x86_64-linux-gnu/libdl-2.26.so
7f0263b37000-7f0263b53000 r-xp 00000000 08:01 5509727                    /lib/x86_64-linux-gnu/libz.so.1.2.11
7f0263b53000-7f0263d52000 ---p 0001c000 08:01 5509727                    /lib/x86_64-linux-gnu/libz.so.1.2.11
7f0263d52000-7f0263d53000 r--p 0001b000 08:01 5509727                    /lib/x86_64-linux-gnu/libz.so.1.2.11
7f0263d53000-7f0263d54000 rw-p 0001c000 08:01 5509727                    /lib/x86_64-linux-gnu/libz.so.1.2.11
7f0263d54000-7f0263f2a000 r-xp 00000000 08:01 5505108                    /lib/x86_64-linux-gnu/libc-2.26.so
7f0263f2a000-7f026412a000 ---p 001d6000 08:01 5505108                    /lib/x86_64-linux-gnu/libc-2.26.so
7f026412a000-7f026412e000 r--p 001d6000 08:01 5505108                    /lib/x86_64-linux-gnu/libc-2.26.so
7f026412e000-7f0264130000 rw-p 001da000 08:01 5505108                    /lib/x86_64-linux-gnu/libc-2.26.so
7f0264130000-7f0264134000 rw-p 00000000 00:00 0 
7f0264134000-7f0264142000 r-xp 00000000 08:01 3411192                    /usr/lib/jvm/java-8-openjdk-amd64/jre/lib/amd64/jli/libjli.so
7f0264142000-7f0264341000 ---p 0000e000 08:01 3411192                    /usr/lib/jvm/java-8-openjdk-amd64/jre/lib/amd64/jli/libjli.so
7f0264341000-7f0264342000 r--p 0000d000 08:01 3411192                    /usr/lib/jvm/java-8-openjdk-amd64/jre/lib/amd64/jli/libjli.so
7f0264342000-7f0264343000 rw-p 0000e000 08:01 3411192                    /usr/lib/jvm/java-8-openjdk-amd64/jre/lib/amd64/jli/libjli.so
7f0264343000-7f026436a000 r-xp 00000000 08:01 5505040                    /lib/x86_64-linux-gnu/ld-2.26.so
7f026444f000-7f0264452000 ---p 00000000 00:00 0 
7f0264452000-7f0264552000 rw-p 00000000 00:00 0 
7f026455e000-7f0264566000 rw-s 00000000 08:01 21102952                   /tmp/hsperfdata_patrick/9773
7f0264566000-7f0264567000 rw-p 00000000 00:00 0 
7f0264567000-7f0264568000 r--p 00000000 00:00 0 
7f0264568000-7f026456a000 rw-p 00000000 00:00 0 
7f026456a000-7f026456b000 r--p 00027000 08:01 5505040                    /lib/x86_64-linux-gnu/ld-2.26.so
7f026456b000-7f026456c000 rw-p 00028000 08:01 5505040                    /lib/x86_64-linux-gnu/ld-2.26.so
7f026456c000-7f026456d000 rw-p 00000000 00:00 0 
7fffb2b83000-7fffb2ba4000 rw-p 00000000 00:00 0                          [stack]
7fffb2bce000-7fffb2bd1000 r--p 00000000 00:00 0                          [vvar]
7fffb2bd1000-7fffb2bd3000 r-xp 00000000 00:00 0                          [vdso]
ffffffffff600000-ffffffffff601000 r-xp 00000000 00:00 0                  [vsyscall]

VM Arguments:
jvm_args: -Xmx4096m -Xms4096m -Dfile.encoding=UTF-8 
java_command: es1.CalcolaFibonacci
java_class_path (initial): /usr/lib/jvm/java-8-openjdk-amd64/jre/lib/resources.jar:/usr/lib/jvm/java-8-openjdk-amd64/jre/lib/rt.jar:/usr/lib/jvm/java-8-openjdk-amd64/jre/lib/jsse.jar:/usr/lib/jvm/java-8-openjdk-amd64/jre/lib/jce.jar:/usr/lib/jvm/java-8-openjdk-amd64/jre/lib/charsets.jar:/usr/lib/jvm/java-8-openjdk-amd64/jre/lib/ext/sunjce_provider.jar:/usr/lib/jvm/java-8-openjdk-amd64/jre/lib/ext/cldrdata.jar:/usr/lib/jvm/java-8-openjdk-amd64/jre/lib/ext/jaccess.jar:/usr/lib/jvm/java-8-openjdk-amd64/jre/lib/ext/sunec.jar:/usr/lib/jvm/java-8-openjdk-amd64/jre/lib/ext/java-atk-wrapper.jar:/usr/lib/jvm/java-8-openjdk-amd64/jre/lib/ext/sunpkcs11.jar:/usr/lib/jvm/java-8-openjdk-amd64/jre/lib/ext/nashorn.jar:/usr/lib/jvm/java-8-openjdk-amd64/jre/lib/ext/localedata.jar:/usr/lib/jvm/java-8-openjdk-amd64/jre/lib/ext/icedtea-sound.jar:/usr/lib/jvm/java-8-openjdk-amd64/jre/lib/ext/dnsns.jar:/usr/lib/jvm/java-8-openjdk-amd64/jre/lib/ext/zipfs.jar:/home/patrick/DevZone/git/SistemiOperativi/Exe1/Exe1/bin
Launcher Type: SUN_STANDARD

Environment Variables:
PATH=/usr/local/sbin:/usr/local/bin:/usr/sbin:/usr/bin:/sbin:/bin:/usr/games:/usr/local/games:/snap/bin
USERNAME=patrick
SHELL=/bin/bash
DISPLAY=:0

Signal Handlers:
SIGSEGV: [libjvm.so+0xaaafa0], sa_mask[0]=11111111011111111101111111111110, sa_flags=SA_RESTART|SA_SIGINFO
SIGBUS: [libjvm.so+0xaaafa0], sa_mask[0]=11111111011111111101111111111110, sa_flags=SA_RESTART|SA_SIGINFO
SIGFPE: [libjvm.so+0x8e12c0], sa_mask[0]=11111111011111111101111111111110, sa_flags=SA_RESTART|SA_SIGINFO
SIGPIPE: [libjvm.so+0x8e12c0], sa_mask[0]=11111111011111111101111111111110, sa_flags=SA_RESTART|SA_SIGINFO
SIGXFSZ: [libjvm.so+0x8e12c0], sa_mask[0]=11111111011111111101111111111110, sa_flags=SA_RESTART|SA_SIGINFO
SIGILL: [libjvm.so+0x8e12c0], sa_mask[0]=11111111011111111101111111111110, sa_flags=SA_RESTART|SA_SIGINFO
SIGUSR1: SIG_DFL, sa_mask[0]=00000000000000000000000000000000, sa_flags=none
SIGUSR2: [libjvm.so+0x8e1170], sa_mask[0]=00100000000000000000000000000000, sa_flags=SA_RESTART|SA_SIGINFO
SIGHUP: SIG_DFL, sa_mask[0]=00000000000000000000000000000000, sa_flags=none
SIGINT: SIG_DFL, sa_mask[0]=00000000000000000000000000000000, sa_flags=none
SIGTERM: SIG_DFL, sa_mask[0]=00000000000000000000000000000000, sa_flags=none
SIGQUIT: SIG_DFL, sa_mask[0]=00000000000000000000000000000000, sa_flags=none


---------------  S Y S T E M  ---------------

OS:DISTRIB_ID=Ubuntu
DISTRIB_RELEASE=17.10
DISTRIB_CODENAME=artful
DISTRIB_DESCRIPTION="Ubuntu 17.10"

uname:Linux 4.13.0-38-generic #43-Ubuntu SMP Wed Mar 14 15:20:44 UTC 2018 x86_64
libc:glibc 2.26 NPTL 2.26 
rlimit: STACK 8192k, CORE 0k, NPROC 15308, NOFILE 1048576, AS infinity
load average:1.90 1.66 1.56

/proc/meminfo:
MemTotal:        4039100 kB
MemFree:          151676 kB
MemAvailable:     542376 kB
Buffers:           15972 kB
Cached:           561740 kB
SwapCached:          732 kB
Active:          2556492 kB
Inactive:         818248 kB
Active(anon):    2280584 kB
Inactive(anon):   542256 kB
Active(file):     275908 kB
Inactive(file):   275992 kB
Unevictable:         752 kB
Mlocked:             752 kB
SwapTotal:       2097148 kB
SwapFree:        2077680 kB
Dirty:               312 kB
Writeback:             0 kB
AnonPages:       2797132 kB
Mapped:           336496 kB
Shmem:             25812 kB
Slab:             206432 kB
SReclaimable:      85376 kB
SUnreclaim:       121056 kB
KernelStack:      160384 kB
PageTables:        77428 kB
NFS_Unstable:          0 kB
Bounce:                0 kB
WritebackTmp:          0 kB
CommitLimit:     4116696 kB
Committed_AS:   21738960 kB
VmallocTotal:   34359738367 kB
VmallocUsed:           0 kB
VmallocChunk:          0 kB
HardwareCorrupted:     0 kB
AnonHugePages:         0 kB
ShmemHugePages:        0 kB
ShmemPmdMapped:        0 kB
CmaTotal:              0 kB
CmaFree:               0 kB
HugePages_Total:       0
HugePages_Free:        0
HugePages_Rsvd:        0
HugePages_Surp:        0
Hugepagesize:       2048 kB
DirectMap4k:      434880 kB
DirectMap2M:     3758080 kB
DirectMap1G:           0 kB


CPU:total 4 (initial active 4) (4 cores per cpu, 1 threads per core) family 16 model 5 stepping 3, cmov, cx8, fxsr, mmx, sse, sse2, sse3, popcnt, mmxext, 3dnowpref, lzcnt, sse4a, tsc, tscinvbit, tscinv

/proc/cpuinfo:
processor	: 0
vendor_id	: AuthenticAMD
cpu family	: 16
model		: 5
model name	: AMD Phenom(tm) II N930 Quad-Core Processor
stepping	: 3
microcode	: 0x10000b6
cpu MHz		: 1400.000
cache size	: 512 KB
physical id	: 0
siblings	: 4
core id		: 0
cpu cores	: 4
apicid		: 0
initial apicid	: 0
fpu		: yes
fpu_exception	: yes
cpuid level	: 5
wp		: yes
flags		: fpu vme de pse tsc msr pae mce cx8 apic sep mtrr pge mca cmov pat pse36 clflush mmx fxsr sse sse2 ht syscall nx mmxext fxsr_opt pdpe1gb rdtscp lm 3dnowext 3dnow constant_tsc rep_good nopl nonstop_tsc cpuid extd_apicid pni monitor cx16 popcnt lahf_lm cmp_legacy svm extapic cr8_legacy abm sse4a misalignsse 3dnowprefetch osvw ibs skinit wdt nodeid_msr hw_pstate retpoline retpoline_amd rsb_ctxsw vmmcall npt lbrv svm_lock nrip_save
bugs		: tlb_mmatch apic_c1e fxsave_leak sysret_ss_attrs null_seg amd_e400 spectre_v1 spectre_v2
bogomips	: 3990.13
TLB size	: 1024 4K pages
clflush size	: 64
cache_alignment	: 64
address sizes	: 48 bits physical, 48 bits virtual
power management: ts ttp tm stc 100mhzsteps hwpstate

processor	: 1
vendor_id	: AuthenticAMD
cpu family	: 16
model		: 5
model name	: AMD Phenom(tm) II N930 Quad-Core Processor
stepping	: 3
microcode	: 0x10000b6
cpu MHz		: 1700.000
cache size	: 512 KB
physical id	: 0
siblings	: 4
core id		: 1
cpu cores	: 4
apicid		: 1
initial apicid	: 1
fpu		: yes
fpu_exception	: yes
cpuid level	: 5
wp		: yes
flags		: fpu vme de pse tsc msr pae mce cx8 apic sep mtrr pge mca cmov pat pse36 clflush mmx fxsr sse sse2 ht syscall nx mmxext fxsr_opt pdpe1gb rdtscp lm 3dnowext 3dnow constant_tsc rep_good nopl nonstop_tsc cpuid extd_apicid pni monitor cx16 popcnt lahf_lm cmp_legacy svm extapic cr8_legacy abm sse4a misalignsse 3dnowprefetch osvw ibs skinit wdt nodeid_msr hw_pstate retpoline retpoline_amd rsb_ctxsw vmmcall npt lbrv svm_lock nrip_save
bugs		: tlb_mmatch apic_c1e fxsave_leak sysret_ss_attrs null_seg amd_e400 spectre_v1 spectre_v2
bogomips	: 3990.13
TLB size	: 1024 4K pages
clflush size	: 64
cache_alignment	: 64
address sizes	: 48 bits physical, 48 bits virtual
power management: ts ttp tm stc 100mhzsteps hwpstate

processor	: 2
vendor_id	: AuthenticAMD
cpu family	: 16
model		: 5
model name	: AMD Phenom(tm) II N930 Quad-Core Processor
stepping	: 3
microcode	: 0x10000b6
cpu MHz		: 2000.000
cache size	: 512 KB
physical id	: 0
siblings	: 4
core id		: 2
cpu cores	: 4
apicid		: 2
initial apicid	: 2
fpu		: yes
fpu_exception	: yes
cpuid level	: 5
wp		: yes
flags		: fpu vme de pse tsc msr pae mce cx8 apic sep mtrr pge mca cmov pat pse36 clflush mmx fxsr sse sse2 ht syscall nx mmxext fxsr_opt pdpe1gb rdtscp lm 3dnowext 3dnow constant_tsc rep_good nopl nonstop_tsc cpuid extd_apicid pni monitor cx16 popcnt lahf_lm cmp_legacy svm extapic cr8_legacy abm sse4a misalignsse 3dnowprefetch osvw ibs skinit wdt nodeid_msr hw_pstate retpoline retpoline_amd rsb_ctxsw vmmcall npt lbrv svm_lock nrip_save
bugs		: tlb_mmatch apic_c1e fxsave_leak sysret_ss_attrs null_seg amd_e400 spectre_v1 spectre_v2
bogomips	: 3990.13
TLB size	: 1024 4K pages
clflush size	: 64
cache_alignment	: 64
address sizes	: 48 bits physical, 48 bits virtual
power management: ts ttp tm stc 100mhzsteps hwpstate

processor	: 3
vendor_id	: AuthenticAMD
cpu family	: 16
model		: 5
model name	: AMD Phenom(tm) II N930 Quad-Core Processor
stepping	: 3
microcode	: 0x10000b6
cpu MHz		: 2000.000
cache size	: 512 KB
physical id	: 0
siblings	: 4
core id		: 3
cpu cores	: 4
apicid		: 3
initial apicid	: 3
fpu		: yes
fpu_exception	: yes
cpuid level	: 5
wp		: yes
flags		: fpu vme de pse tsc msr pae mce cx8 apic sep mtrr pge mca cmov pat pse36 clflush mmx fxsr sse sse2 ht syscall nx mmxext fxsr_opt pdpe1gb rdtscp lm 3dnowext 3dnow constant_tsc rep_good nopl nonstop_tsc cpuid extd_apicid pni monitor cx16 popcnt lahf_lm cmp_legacy svm extapic cr8_legacy abm sse4a misalignsse 3dnowprefetch osvw ibs skinit wdt nodeid_msr hw_pstate retpoline retpoline_amd rsb_ctxsw vmmcall npt lbrv svm_lock nrip_save
bugs		: tlb_mmatch apic_c1e fxsave_leak sysret_ss_attrs null_seg amd_e400 spectre_v1 spectre_v2
bogomips	: 3990.13
TLB size	: 1024 4K pages
clflush size	: 64
cache_alignment	: 64
address sizes	: 48 bits physical, 48 bits virtual
power management: ts ttp tm stc 100mhzsteps hwpstate



Memory: 4k page, physical 4039100k(151676k free), swap 2097148k(2077680k free)

vm_info: OpenJDK 64-Bit Server VM (25.162-b12) for linux-amd64 JRE (1.8.0_162-8u162-b12-0ubuntu0.17.10.2-b12), built on Mar 13 2018 22:44:51 by "buildd" with gcc 7.2.0

time: Mon Apr  9 15:42:58 2018
elapsed time: 0 seconds (0d 0h 0m 0s)

