#
# There is insufficient memory for the Java Runtime Environment to continue.
# Cannot create GC thread. Out of system resources.
# Possible reasons:
#   The system is out of physical RAM or swap space
#   In 32 bit mode, the process size limit was hit
# Possible solutions:
#   Reduce memory load on the system
#   Increase physical memory or swap space
#   Check if swap backing store is full
#   Use 64 bit Java on a 64 bit OS
#   Decrease Java heap size (-Xmx/-Xms)
#   Decrease number of Java threads
#   Decrease Java thread stack sizes (-Xss)
#   Set larger code cache with -XX:ReservedCodeCacheSize=
# This output file may be truncated or incomplete.
#
#  Out of Memory Error (gcTaskThread.cpp:48), pid=914, tid=0x00007f267cdd7380
#
# JRE version:  (8.0_162-b12) (build )
# Java VM: OpenJDK 64-Bit Server VM (25.162-b12 mixed mode linux-amd64 compressed oops)
# Failed to write core dump. Core dumps have been disabled. To enable core dumping, try "ulimit -c unlimited" before starting Java again
#

---------------  T H R E A D  ---------------

Current thread (0x0000557cc1cad000):  JavaThread "Unknown thread" [_thread_in_vm, id=914, stack(0x00007ffdbbf04000,0x00007ffdbc004000)]

Stack: [0x00007ffdbbf04000,0x00007ffdbc004000],  sp=0x00007ffdbbffd5c0,  free space=997k
Native frames: (J=compiled Java code, j=interpreted, Vv=VM code, C=native code)
V  [libjvm.so+0xaaa652]
V  [libjvm.so+0x4d7b27]
V  [libjvm.so+0x5b910f]
V  [libjvm.so+0x5b829d]
V  [libjvm.so+0x90dab1]
V  [libjvm.so+0xa6cd2a]
V  [libjvm.so+0xa6d015]
V  [libjvm.so+0x6235af]
V  [libjvm.so+0xa5076b]
V  [libjvm.so+0x6a6631]  JNI_CreateJavaVM+0x61
C  [libjli.so+0x2ce3]
C  [libjli.so+0x88b6]
C  [libjli.so+0x4b1a]
C  [libjli.so+0x5237]  JLI_Launch+0x587
C  [java+0x691]
C  [libc.so.6+0x211c1]  __libc_start_main+0xf1


---------------  P R O C E S S  ---------------

Java Threads: ( => current thread )

Other Threads:

=>0x0000557cc1cad000 (exited) JavaThread "Unknown thread" [_thread_in_vm, id=914, stack(0x00007ffdbbf04000,0x00007ffdbc004000)]

VM state:not at safepoint (not fully initialized)

VM Mutex/Monitor currently owned by a thread: None

GC Heap History (0 events):
No events

Deoptimization events (0 events):
No events

Classes redefined (0 events):
No events

Internal exceptions (0 events):
No events

Events (0 events):
No events


Dynamic libraries:
6c0000000-7c0000000 rw-p 00000000 00:00 0 
557cc1738000-557cc1739000 r-xp 00000000 08:01 3411178                    /usr/lib/jvm/java-8-openjdk-amd64/jre/bin/java
557cc1938000-557cc1939000 r--p 00000000 08:01 3411178                    /usr/lib/jvm/java-8-openjdk-amd64/jre/bin/java
557cc1939000-557cc193a000 rw-p 00001000 08:01 3411178                    /usr/lib/jvm/java-8-openjdk-amd64/jre/bin/java
557cc1c8c000-557cc1cd5000 rw-p 00000000 00:00 0                          [heap]
7f2669580000-7f266a2e1000 rw-p 00000000 00:00 0 
7f266a2e1000-7f266a697000 ---p 00000000 00:00 0 
7f266a697000-7f266a907000 rwxp 00000000 00:00 0 
7f266a907000-7f2679697000 ---p 00000000 00:00 0 
7f2679697000-7f267969f000 r-xp 00000000 08:01 3413089                    /usr/lib/jvm/java-8-openjdk-amd64/jre/lib/amd64/libzip.so
7f267969f000-7f267989e000 ---p 00008000 08:01 3413089                    /usr/lib/jvm/java-8-openjdk-amd64/jre/lib/amd64/libzip.so
7f267989e000-7f267989f000 r--p 00007000 08:01 3413089                    /usr/lib/jvm/java-8-openjdk-amd64/jre/lib/amd64/libzip.so
7f267989f000-7f26798a0000 rw-p 00008000 08:01 3413089                    /usr/lib/jvm/java-8-openjdk-amd64/jre/lib/amd64/libzip.so
7f26798a0000-7f26798ab000 r-xp 00000000 08:01 5505118                    /lib/x86_64-linux-gnu/libnss_files-2.26.so
7f26798ab000-7f2679aaa000 ---p 0000b000 08:01 5505118                    /lib/x86_64-linux-gnu/libnss_files-2.26.so
7f2679aaa000-7f2679aab000 r--p 0000a000 08:01 5505118                    /lib/x86_64-linux-gnu/libnss_files-2.26.so
7f2679aab000-7f2679aac000 rw-p 0000b000 08:01 5505118                    /lib/x86_64-linux-gnu/libnss_files-2.26.so
7f2679aac000-7f2679ab2000 rw-p 00000000 00:00 0 
7f2679ab2000-7f2679abd000 r-xp 00000000 08:01 5505120                    /lib/x86_64-linux-gnu/libnss_nis-2.26.so
7f2679abd000-7f2679cbc000 ---p 0000b000 08:01 5505120                    /lib/x86_64-linux-gnu/libnss_nis-2.26.so
7f2679cbc000-7f2679cbd000 r--p 0000a000 08:01 5505120                    /lib/x86_64-linux-gnu/libnss_nis-2.26.so
7f2679cbd000-7f2679cbe000 rw-p 0000b000 08:01 5505120                    /lib/x86_64-linux-gnu/libnss_nis-2.26.so
7f2679cbe000-7f2679cd5000 r-xp 00000000 08:01 5505115                    /lib/x86_64-linux-gnu/libnsl-2.26.so
7f2679cd5000-7f2679ed4000 ---p 00017000 08:01 5505115                    /lib/x86_64-linux-gnu/libnsl-2.26.so
7f2679ed4000-7f2679ed5000 r--p 00016000 08:01 5505115                    /lib/x86_64-linux-gnu/libnsl-2.26.so
7f2679ed5000-7f2679ed6000 rw-p 00017000 08:01 5505115                    /lib/x86_64-linux-gnu/libnsl-2.26.so
7f2679ed6000-7f2679ed8000 rw-p 00000000 00:00 0 
7f2679ed8000-7f2679ee0000 r-xp 00000000 08:01 5505116                    /lib/x86_64-linux-gnu/libnss_compat-2.26.so
7f2679ee0000-7f267a0df000 ---p 00008000 08:01 5505116                    /lib/x86_64-linux-gnu/libnss_compat-2.26.so
7f267a0df000-7f267a0e0000 r--p 00007000 08:01 5505116                    /lib/x86_64-linux-gnu/libnss_compat-2.26.so
7f267a0e0000-7f267a0e1000 rw-p 00008000 08:01 5505116                    /lib/x86_64-linux-gnu/libnss_compat-2.26.so
7f267a0e1000-7f267a10f000 r-xp 00000000 08:01 3413070                    /usr/lib/jvm/java-8-openjdk-amd64/jre/lib/amd64/libjava.so
7f267a10f000-7f267a30e000 ---p 0002e000 08:01 3413070                    /usr/lib/jvm/java-8-openjdk-amd64/jre/lib/amd64/libjava.so
7f267a30e000-7f267a30f000 r--p 0002d000 08:01 3413070                    /usr/lib/jvm/java-8-openjdk-amd64/jre/lib/amd64/libjava.so
7f267a30f000-7f267a311000 rw-p 0002e000 08:01 3413070                    /usr/lib/jvm/java-8-openjdk-amd64/jre/lib/amd64/libjava.so
7f267a311000-7f267a321000 r-xp 00000000 08:01 3413088                    /usr/lib/jvm/java-8-openjdk-amd64/jre/lib/amd64/libverify.so
7f267a321000-7f267a520000 ---p 00010000 08:01 3413088                    /usr/lib/jvm/java-8-openjdk-amd64/jre/lib/amd64/libverify.so
7f267a520000-7f267a522000 r--p 0000f000 08:01 3413088                    /usr/lib/jvm/java-8-openjdk-amd64/jre/lib/amd64/libverify.so
7f267a522000-7f267a523000 rw-p 00011000 08:01 3413088                    /usr/lib/jvm/java-8-openjdk-amd64/jre/lib/amd64/libverify.so
7f267a523000-7f267a52a000 r-xp 00000000 08:01 5509505                    /lib/x86_64-linux-gnu/librt-2.26.so
7f267a52a000-7f267a729000 ---p 00007000 08:01 5509505                    /lib/x86_64-linux-gnu/librt-2.26.so
7f267a729000-7f267a72a000 r--p 00006000 08:01 5509505                    /lib/x86_64-linux-gnu/librt-2.26.so
7f267a72a000-7f267a72b000 rw-p 00007000 08:01 5509505                    /lib/x86_64-linux-gnu/librt-2.26.so
7f267a72b000-7f267a741000 r-xp 00000000 08:01 5505030                    /lib/x86_64-linux-gnu/libgcc_s.so.1
7f267a741000-7f267a940000 ---p 00016000 08:01 5505030                    /lib/x86_64-linux-gnu/libgcc_s.so.1
7f267a940000-7f267a941000 r--p 00015000 08:01 5505030                    /lib/x86_64-linux-gnu/libgcc_s.so.1
7f267a941000-7f267a942000 rw-p 00016000 08:01 5505030                    /lib/x86_64-linux-gnu/libgcc_s.so.1
7f267a942000-7f267aa97000 r-xp 00000000 08:01 5505112                    /lib/x86_64-linux-gnu/libm-2.26.so
7f267aa97000-7f267ac96000 ---p 00155000 08:01 5505112                    /lib/x86_64-linux-gnu/libm-2.26.so
7f267ac96000-7f267ac97000 r--p 00154000 08:01 5505112                    /lib/x86_64-linux-gnu/libm-2.26.so
7f267ac97000-7f267ac98000 rw-p 00155000 08:01 5505112                    /lib/x86_64-linux-gnu/libm-2.26.so
7f267ac98000-7f267ae10000 r-xp 00000000 08:01 3408058                    /usr/lib/x86_64-linux-gnu/libstdc++.so.6.0.24
7f267ae10000-7f267b00f000 ---p 00178000 08:01 3408058                    /usr/lib/x86_64-linux-gnu/libstdc++.so.6.0.24
7f267b00f000-7f267b019000 r--p 00177000 08:01 3408058                    /usr/lib/x86_64-linux-gnu/libstdc++.so.6.0.24
7f267b019000-7f267b01b000 rw-p 00181000 08:01 3408058                    /usr/lib/x86_64-linux-gnu/libstdc++.so.6.0.24
7f267b01b000-7f267b01e000 rw-p 00000000 00:00 0 
7f267b01e000-7f267bcae000 r-xp 00000000 08:01 3413091                    /usr/lib/jvm/java-8-openjdk-amd64/jre/lib/amd64/server/libjvm.so
7f267bcae000-7f267beae000 ---p 00c90000 08:01 3413091                    /usr/lib/jvm/java-8-openjdk-amd64/jre/lib/amd64/server/libjvm.so
7f267beae000-7f267bf41000 r--p 00c90000 08:01 3413091                    /usr/lib/jvm/java-8-openjdk-amd64/jre/lib/amd64/server/libjvm.so
7f267bf41000-7f267bf69000 rw-p 00d23000 08:01 3413091                    /usr/lib/jvm/java-8-openjdk-amd64/jre/lib/amd64/server/libjvm.so
7f267bf69000-7f267bf9a000 rw-p 00000000 00:00 0 
7f267bf9a000-7f267bfb4000 r-xp 00000000 08:01 5509443                    /lib/x86_64-linux-gnu/libpthread-2.26.so
7f267bfb4000-7f267c1b3000 ---p 0001a000 08:01 5509443                    /lib/x86_64-linux-gnu/libpthread-2.26.so
7f267c1b3000-7f267c1b4000 r--p 00019000 08:01 5509443                    /lib/x86_64-linux-gnu/libpthread-2.26.so
7f267c1b4000-7f267c1b5000 rw-p 0001a000 08:01 5509443                    /lib/x86_64-linux-gnu/libpthread-2.26.so
7f267c1b5000-7f267c1b9000 rw-p 00000000 00:00 0 
7f267c1b9000-7f267c1bc000 r-xp 00000000 08:01 5505111                    /lib/x86_64-linux-gnu/libdl-2.26.so
7f267c1bc000-7f267c3bb000 ---p 00003000 08:01 5505111                    /lib/x86_64-linux-gnu/libdl-2.26.so
7f267c3bb000-7f267c3bc000 r--p 00002000 08:01 5505111                    /lib/x86_64-linux-gnu/libdl-2.26.so
7f267c3bc000-7f267c3bd000 rw-p 00003000 08:01 5505111                    /lib/x86_64-linux-gnu/libdl-2.26.so
7f267c3bd000-7f267c3d9000 r-xp 00000000 08:01 5509727                    /lib/x86_64-linux-gnu/libz.so.1.2.11
7f267c3d9000-7f267c5d8000 ---p 0001c000 08:01 5509727                    /lib/x86_64-linux-gnu/libz.so.1.2.11
7f267c5d8000-7f267c5d9000 r--p 0001b000 08:01 5509727                    /lib/x86_64-linux-gnu/libz.so.1.2.11
7f267c5d9000-7f267c5da000 rw-p 0001c000 08:01 5509727                    /lib/x86_64-linux-gnu/libz.so.1.2.11
7f267c5da000-7f267c7b0000 r-xp 00000000 08:01 5505108                    /lib/x86_64-linux-gnu/libc-2.26.so
7f267c7b0000-7f267c9b0000 ---p 001d6000 08:01 5505108                    /lib/x86_64-linux-gnu/libc-2.26.so
7f267c9b0000-7f267c9b4000 r--p 001d6000 08:01 5505108                    /lib/x86_64-linux-gnu/libc-2.26.so
7f267c9b4000-7f267c9b6000 rw-p 001da000 08:01 5505108                    /lib/x86_64-linux-gnu/libc-2.26.so
7f267c9b6000-7f267c9ba000 rw-p 00000000 00:00 0 
7f267c9ba000-7f267c9c8000 r-xp 00000000 08:01 3411192                    /usr/lib/jvm/java-8-openjdk-amd64/jre/lib/amd64/jli/libjli.so
7f267c9c8000-7f267cbc7000 ---p 0000e000 08:01 3411192                    /usr/lib/jvm/java-8-openjdk-amd64/jre/lib/amd64/jli/libjli.so
7f267cbc7000-7f267cbc8000 r--p 0000d000 08:01 3411192                    /usr/lib/jvm/java-8-openjdk-amd64/jre/lib/amd64/jli/libjli.so
7f267cbc8000-7f267cbc9000 rw-p 0000e000 08:01 3411192                    /usr/lib/jvm/java-8-openjdk-amd64/jre/lib/amd64/jli/libjli.so
7f267cbc9000-7f267cbf0000 r-xp 00000000 08:01 5505040                    /lib/x86_64-linux-gnu/ld-2.26.so
7f267ccd5000-7f267ccd6000 ---p 00000000 00:00 0 
7f267ccd6000-7f267cdd8000 rw-p 00000000 00:00 0 
7f267cde4000-7f267cdec000 rw-s 00000000 08:01 21102952                   /tmp/hsperfdata_patrick/914
7f267cdec000-7f267cded000 rw-p 00000000 00:00 0 
7f267cded000-7f267cdee000 r--p 00000000 00:00 0 
7f267cdee000-7f267cdf0000 rw-p 00000000 00:00 0 
7f267cdf0000-7f267cdf1000 r--p 00027000 08:01 5505040                    /lib/x86_64-linux-gnu/ld-2.26.so
7f267cdf1000-7f267cdf2000 rw-p 00028000 08:01 5505040                    /lib/x86_64-linux-gnu/ld-2.26.so
7f267cdf2000-7f267cdf3000 rw-p 00000000 00:00 0 
7ffdbbf04000-7ffdbbf07000 ---p 00000000 00:00 0 
7ffdbbf07000-7ffdbc004000 rw-p 00000000 00:00 0                          [stack]
7ffdbc189000-7ffdbc18c000 r--p 00000000 00:00 0                          [vvar]
7ffdbc18c000-7ffdbc18e000 r-xp 00000000 00:00 0                          [vdso]
ffffffffff600000-ffffffffff601000 r-xp 00000000 00:00 0                  [vsyscall]

VM Arguments:
jvm_args: -Xmx4096m -Xms4096m -Dfile.encoding=UTF-8 
java_command: es1.CalcolaFibonacci
java_class_path (initial): /usr/lib/jvm/java-8-openjdk-amd64/jre/lib/resources.jar:/usr/lib/jvm/java-8-openjdk-amd64/jre/lib/rt.jar:/usr/lib/jvm/java-8-openjdk-amd64/jre/lib/jsse.jar:/usr/lib/jvm/java-8-openjdk-amd64/jre/lib/jce.jar:/usr/lib/jvm/java-8-openjdk-amd64/jre/lib/charsets.jar:/usr/lib/jvm/java-8-openjdk-amd64/jre/lib/ext/sunjce_provider.jar:/usr/lib/jvm/java-8-openjdk-amd64/jre/lib/ext/cldrdata.jar:/usr/lib/jvm/java-8-openjdk-amd64/jre/lib/ext/jaccess.jar:/usr/lib/jvm/java-8-openjdk-amd64/jre/lib/ext/sunec.jar:/usr/lib/jvm/java-8-openjdk-amd64/jre/lib/ext/java-atk-wrapper.jar:/usr/lib/jvm/java-8-openjdk-amd64/jre/lib/ext/sunpkcs11.jar:/usr/lib/jvm/java-8-openjdk-amd64/jre/lib/ext/nashorn.jar:/usr/lib/jvm/java-8-openjdk-amd64/jre/lib/ext/localedata.jar:/usr/lib/jvm/java-8-openjdk-amd64/jre/lib/ext/icedtea-sound.jar:/usr/lib/jvm/java-8-openjdk-amd64/jre/lib/ext/dnsns.jar:/usr/lib/jvm/java-8-openjdk-amd64/jre/lib/ext/zipfs.jar:/home/patrick/DevZone/git/SistemiOperativi/Exe1/Exe1/bin
Launcher Type: SUN_STANDARD

Environment Variables:
PATH=/usr/local/sbin:/usr/local/bin:/usr/sbin:/usr/bin:/sbin:/bin:/usr/games:/usr/local/games:/snap/bin
USERNAME=patrick
SHELL=/bin/bash
DISPLAY=:0

Signal Handlers:
SIGSEGV: [libjvm.so+0xaaafa0], sa_mask[0]=11111111011111111101111111111110, sa_flags=SA_RESTART|SA_SIGINFO
SIGBUS: [libjvm.so+0xaaafa0], sa_mask[0]=11111111011111111101111111111110, sa_flags=SA_RESTART|SA_SIGINFO
SIGFPE: [libjvm.so+0x8e12c0], sa_mask[0]=11111111011111111101111111111110, sa_flags=SA_RESTART|SA_SIGINFO
SIGPIPE: [libjvm.so+0x8e12c0], sa_mask[0]=11111111011111111101111111111110, sa_flags=SA_RESTART|SA_SIGINFO
SIGXFSZ: [libjvm.so+0x8e12c0], sa_mask[0]=11111111011111111101111111111110, sa_flags=SA_RESTART|SA_SIGINFO
SIGILL: [libjvm.so+0x8e12c0], sa_mask[0]=11111111011111111101111111111110, sa_flags=SA_RESTART|SA_SIGINFO
SIGUSR1: SIG_DFL, sa_mask[0]=00000000000000000000000000000000, sa_flags=none
SIGUSR2: [libjvm.so+0x8e1170], sa_mask[0]=00100000000000000000000000000000, sa_flags=SA_RESTART|SA_SIGINFO
SIGHUP: SIG_DFL, sa_mask[0]=00000000000000000000000000000000, sa_flags=none
SIGINT: SIG_DFL, sa_mask[0]=00000000000000000000000000000000, sa_flags=none
SIGTERM: SIG_DFL, sa_mask[0]=00000000000000000000000000000000, sa_flags=none
SIGQUIT: SIG_DFL, sa_mask[0]=00000000000000000000000000000000, sa_flags=none


---------------  S Y S T E M  ---------------

OS:DISTRIB_ID=Ubuntu
DISTRIB_RELEASE=17.10
DISTRIB_CODENAME=artful
DISTRIB_DESCRIPTION="Ubuntu 17.10"

uname:Linux 4.13.0-38-generic #43-Ubuntu SMP Wed Mar 14 15:20:44 UTC 2018 x86_64
libc:glibc 2.26 NPTL 2.26 
rlimit: STACK 8192k, CORE 0k, NPROC 15308, NOFILE 1048576, AS infinity
load average:1.31 1.54 1.52

/proc/meminfo:
MemTotal:        4039100 kB
MemFree:          400324 kB
MemAvailable:     822712 kB
Buffers:           19108 kB
Cached:           589540 kB
SwapCached:         1672 kB
Active:          2309180 kB
Inactive:         799648 kB
Active(anon):    2003796 kB
Inactive(anon):   521692 kB
Active(file):     305384 kB
Inactive(file):   277956 kB
Unevictable:         752 kB
Mlocked:             752 kB
SwapTotal:       2097148 kB
SwapFree:        2079216 kB
Dirty:               472 kB
Writeback:             0 kB
AnonPages:       2499364 kB
Mapped:           336184 kB
Shmem:             25308 kB
Slab:             206792 kB
SReclaimable:      85868 kB
SUnreclaim:       120924 kB
KernelStack:      177792 kB
PageTables:        77584 kB
NFS_Unstable:          0 kB
Bounce:                0 kB
WritebackTmp:          0 kB
CommitLimit:     4116696 kB
Committed_AS:   25638528 kB
VmallocTotal:   34359738367 kB
VmallocUsed:           0 kB
VmallocChunk:          0 kB
HardwareCorrupted:     0 kB
AnonHugePages:         0 kB
ShmemHugePages:        0 kB
ShmemPmdMapped:        0 kB
CmaTotal:              0 kB
CmaFree:               0 kB
HugePages_Total:       0
HugePages_Free:        0
HugePages_Rsvd:        0
HugePages_Surp:        0
Hugepagesize:       2048 kB
DirectMap4k:      434880 kB
DirectMap2M:     3758080 kB
DirectMap1G:           0 kB


CPU:total 4 (initial active 4) (4 cores per cpu, 1 threads per core) family 16 model 5 stepping 3, cmov, cx8, fxsr, mmx, sse, sse2, sse3, popcnt, mmxext, 3dnowpref, lzcnt, sse4a, tsc, tscinvbit, tscinv

/proc/cpuinfo:
processor	: 0
vendor_id	: AuthenticAMD
cpu family	: 16
model		: 5
model name	: AMD Phenom(tm) II N930 Quad-Core Processor
stepping	: 3
microcode	: 0x10000b6
cpu MHz		: 1400.000
cache size	: 512 KB
physical id	: 0
siblings	: 4
core id		: 0
cpu cores	: 4
apicid		: 0
initial apicid	: 0
fpu		: yes
fpu_exception	: yes
cpuid level	: 5
wp		: yes
flags		: fpu vme de pse tsc msr pae mce cx8 apic sep mtrr pge mca cmov pat pse36 clflush mmx fxsr sse sse2 ht syscall nx mmxext fxsr_opt pdpe1gb rdtscp lm 3dnowext 3dnow constant_tsc rep_good nopl nonstop_tsc cpuid extd_apicid pni monitor cx16 popcnt lahf_lm cmp_legacy svm extapic cr8_legacy abm sse4a misalignsse 3dnowprefetch osvw ibs skinit wdt nodeid_msr hw_pstate retpoline retpoline_amd rsb_ctxsw vmmcall npt lbrv svm_lock nrip_save
bugs		: tlb_mmatch apic_c1e fxsave_leak sysret_ss_attrs null_seg amd_e400 spectre_v1 spectre_v2
bogomips	: 3990.13
TLB size	: 1024 4K pages
clflush size	: 64
cache_alignment	: 64
address sizes	: 48 bits physical, 48 bits virtual
power management: ts ttp tm stc 100mhzsteps hwpstate

processor	: 1
vendor_id	: AuthenticAMD
cpu family	: 16
model		: 5
model name	: AMD Phenom(tm) II N930 Quad-Core Processor
stepping	: 3
microcode	: 0x10000b6
cpu MHz		: 2000.000
cache size	: 512 KB
physical id	: 0
siblings	: 4
core id		: 1
cpu cores	: 4
apicid		: 1
initial apicid	: 1
fpu		: yes
fpu_exception	: yes
cpuid level	: 5
wp		: yes
flags		: fpu vme de pse tsc msr pae mce cx8 apic sep mtrr pge mca cmov pat pse36 clflush mmx fxsr sse sse2 ht syscall nx mmxext fxsr_opt pdpe1gb rdtscp lm 3dnowext 3dnow constant_tsc rep_good nopl nonstop_tsc cpuid extd_apicid pni monitor cx16 popcnt lahf_lm cmp_legacy svm extapic cr8_legacy abm sse4a misalignsse 3dnowprefetch osvw ibs skinit wdt nodeid_msr hw_pstate retpoline retpoline_amd rsb_ctxsw vmmcall npt lbrv svm_lock nrip_save
bugs		: tlb_mmatch apic_c1e fxsave_leak sysret_ss_attrs null_seg amd_e400 spectre_v1 spectre_v2
bogomips	: 3990.13
TLB size	: 1024 4K pages
clflush size	: 64
cache_alignment	: 64
address sizes	: 48 bits physical, 48 bits virtual
power management: ts ttp tm stc 100mhzsteps hwpstate

processor	: 2
vendor_id	: AuthenticAMD
cpu family	: 16
model		: 5
model name	: AMD Phenom(tm) II N930 Quad-Core Processor
stepping	: 3
microcode	: 0x10000b6
cpu MHz		: 1400.000
cache size	: 512 KB
physical id	: 0
siblings	: 4
core id		: 2
cpu cores	: 4
apicid		: 2
initial apicid	: 2
fpu		: yes
fpu_exception	: yes
cpuid level	: 5
wp		: yes
flags		: fpu vme de pse tsc msr pae mce cx8 apic sep mtrr pge mca cmov pat pse36 clflush mmx fxsr sse sse2 ht syscall nx mmxext fxsr_opt pdpe1gb rdtscp lm 3dnowext 3dnow constant_tsc rep_good nopl nonstop_tsc cpuid extd_apicid pni monitor cx16 popcnt lahf_lm cmp_legacy svm extapic cr8_legacy abm sse4a misalignsse 3dnowprefetch osvw ibs skinit wdt nodeid_msr hw_pstate retpoline retpoline_amd rsb_ctxsw vmmcall npt lbrv svm_lock nrip_save
bugs		: tlb_mmatch apic_c1e fxsave_leak sysret_ss_attrs null_seg amd_e400 spectre_v1 spectre_v2
bogomips	: 3990.13
TLB size	: 1024 4K pages
clflush size	: 64
cache_alignment	: 64
address sizes	: 48 bits physical, 48 bits virtual
power management: ts ttp tm stc 100mhzsteps hwpstate

processor	: 3
vendor_id	: AuthenticAMD
cpu family	: 16
model		: 5
model name	: AMD Phenom(tm) II N930 Quad-Core Processor
stepping	: 3
microcode	: 0x10000b6
cpu MHz		: 1700.000
cache size	: 512 KB
physical id	: 0
siblings	: 4
core id		: 3
cpu cores	: 4
apicid		: 3
initial apicid	: 3
fpu		: yes
fpu_exception	: yes
cpuid level	: 5
wp		: yes
flags		: fpu vme de pse tsc msr pae mce cx8 apic sep mtrr pge mca cmov pat pse36 clflush mmx fxsr sse sse2 ht syscall nx mmxext fxsr_opt pdpe1gb rdtscp lm 3dnowext 3dnow constant_tsc rep_good nopl nonstop_tsc cpuid extd_apicid pni monitor cx16 popcnt lahf_lm cmp_legacy svm extapic cr8_legacy abm sse4a misalignsse 3dnowprefetch osvw ibs skinit wdt nodeid_msr hw_pstate retpoline retpoline_amd rsb_ctxsw vmmcall npt lbrv svm_lock nrip_save
bugs		: tlb_mmatch apic_c1e fxsave_leak sysret_ss_attrs null_seg amd_e400 spectre_v1 spectre_v2
bogomips	: 3990.13
TLB size	: 1024 4K pages
clflush size	: 64
cache_alignment	: 64
address sizes	: 48 bits physical, 48 bits virtual
power management: ts ttp tm stc 100mhzsteps hwpstate



Memory: 4k page, physical 4039100k(400324k free), swap 2097148k(2079216k free)

vm_info: OpenJDK 64-Bit Server VM (25.162-b12) for linux-amd64 JRE (1.8.0_162-8u162-b12-0ubuntu0.17.10.2-b12), built on Mar 13 2018 22:44:51 by "buildd" with gcc 7.2.0

time: Mon Apr  9 15:42:24 2018
elapsed time: 0 seconds (0d 0h 0m 0s)

